2020-08-19 09:10:36.675775 starting: opening plot_pst_helper.log for logging
2020-08-19 09:10:36.675775 plot_utils.pst_helper()
2020-08-19 09:10:36.675775 starting: plot pst_prior
2020-08-19 09:10:36.676775 starting: loading cov from parameter data
2020-08-19 09:10:36.734774 finished: loading cov from parameter data took: 0:00:00.057999
2020-08-19 09:10:36.734774 starting: building mean parameter values
2020-08-19 09:10:36.745775 finished: building mean parameter values took: 0:00:00.011001
2020-08-19 09:10:36.745775 starting: building stdev parameter values
2020-08-19 09:10:36.748774 finished: building stdev parameter values took: 0:00:00.002999
2020-08-19 09:10:36.752776 starting: plotting priors for c_agy,c_bol,c_cant,c_rea,c_tech,c_tet
2020-08-19 09:10:36.946813 finished: plotting priors for c_agy,c_bol,c_cant,c_rea,c_tech,c_tet took: 0:00:00.194037
2020-08-19 09:10:36.946813 starting: plotting priors for multiplier_irr_inst:0_zone:4.0,multiplier_irr_inst:0_zone:10.0,multiplier_irr_inst:0_zone:12.0,multiplier_irr_inst:0_zone:1.0,multiplier_irr_inst:0_zone:2.0,multiplier_irr_inst:0_zone:7.0,multiplier_irr_inst:0_zone:3.0,multiplier_irr_inst:0_zone:8.0,multiplier_irr_inst:0_zone:13.0,multiplier_irr_inst:0_zone:14.0,multiplier_irr_inst:0_zone:9.0,multiplier_irr_inst:0_zone:5.0,multiplier_irr_inst:0_zone:11.0,multiplier_irr_inst:0_zone:6.0
2020-08-19 09:10:36.987186 finished: plotting priors for multiplier_irr_inst:0_zone:4.0,multiplier_irr_inst:0_zone:10.0,multiplier_irr_inst:0_zone:12.0,multiplier_irr_inst:0_zone:1.0,multiplier_irr_inst:0_zone:2.0,multiplier_irr_inst:0_zone:7.0,multiplier_irr_inst:0_zone:3.0,multiplier_irr_inst:0_zone:8.0,multiplier_irr_inst:0_zone:13.0,multiplier_irr_inst:0_zone:14.0,multiplier_irr_inst:0_zone:9.0,multiplier_irr_inst:0_zone:5.0,multiplier_irr_inst:0_zone:11.0,multiplier_irr_inst:0_zone:6.0 took: 0:00:00.040373
2020-08-19 09:10:36.992193 starting: plotting priors for kp_inst:0_i:31_j:121,kp_inst:0_i:40_j:112,kp_inst:0_i:40_j:121,kp_inst:0_i:49_j:103,kp_inst:0_i:49_j:112,kp_inst:0_i:49_j:121,kp_inst:0_i:58_j:76,kp_inst:0_i:58_j:85,kp_inst:0_i:58_j:94,kp_inst:0_i:58_j:103,kp_inst:0_i:58_j:112,kp_inst:0_i:58_j:121,kp_inst:0_i:67_j:76,kp_inst:0_i:67_j:85,kp_inst:0_i:67_j:94,kp_inst:0_i:67_j:103,kp_inst:0_i:67_j:112,kp_inst:0_i:67_j:121,kp_inst:0_i:76_j:76,kp_inst:0_i:76_j:85,kp_inst:0_i:76_j:94,kp_inst:0_i:76_j:103,kp_inst:0_i:76_j:112,kp_inst:0_i:76_j:121,kp_inst:0_i:85_j:67,kp_inst:0_i:85_j:76,kp_inst:0_i:85_j:85,kp_inst:0_i:85_j:94,kp_inst:0_i:85_j:103,kp_inst:0_i:85_j:112,kp_inst:0_i:85_j:121,kp_inst:0_i:94_j:40,kp_inst:0_i:94_j:49,kp_inst:0_i:94_j:58,kp_inst:0_i:94_j:67,kp_inst:0_i:94_j:76,kp_inst:0_i:94_j:85,kp_inst:0_i:94_j:94,kp_inst:0_i:94_j:103,kp_inst:0_i:94_j:112,kp_inst:0_i:94_j:121,kp_inst:0_i:103_j:22,kp_inst:0_i:103_j:31,kp_inst:0_i:103_j:40,kp_inst:0_i:103_j:49,kp_inst:0_i:103_j:58,kp_inst:0_i:103_j:67,kp_inst:0_i:103_j:76,kp_inst:0_i:103_j:85,kp_inst:0_i:103_j:94,kp_inst:0_i:103_j:103,kp_inst:0_i:103_j:112,kp_inst:0_i:103_j:121,kp_inst:0_i:112_j:13,kp_inst:0_i:112_j:22,kp_inst:0_i:112_j:31,kp_inst:0_i:112_j:40,kp_inst:0_i:112_j:49,kp_inst:0_i:112_j:58,kp_inst:0_i:112_j:67,kp_inst:0_i:112_j:76,kp_inst:0_i:112_j:85,kp_inst:0_i:112_j:94,kp_inst:0_i:112_j:103,kp_inst:0_i:112_j:112,kp_inst:0_i:112_j:121,kp_inst:0_i:121_j:49,kp_inst:0_i:121_j:58,kp_inst:0_i:121_j:67,kp_inst:0_i:121_j:76,kp_inst:0_i:121_j:85,kp_inst:0_i:121_j:94,kp_inst:0_i:121_j:103,kp_inst:0_i:121_j:112,kp_inst:0_i:121_j:121,kp_inst:0_i:130_j:49,kp_inst:0_i:130_j:58,kp_inst:0_i:130_j:67,kp_inst:0_i:130_j:76,kp_inst:0_i:130_j:85,kp_inst:0_i:130_j:94,kp_inst:0_i:130_j:103,kp_inst:0_i:130_j:112,kp_inst:0_i:130_j:121,kp_inst:0_i:139_j:49,kp_inst:0_i:139_j:58,kp_inst:0_i:139_j:67,kp_inst:0_i:139_j:76,kp_inst:0_i:139_j:85,kp_inst:0_i:139_j:94,kp_inst:0_i:139_j:103,kp_inst:0_i:139_j:112,kp_inst:0_i:139_j:121,kp_inst:0_i:148_j:58,kp_inst:0_i:148_j:67,kp_inst:0_i:148_j:76,kp_inst:0_i:148_j:85,kp_inst:0_i:148_j:94,kp_inst:0_i:148_j:103,kp_inst:0_i:148_j:112,kp_inst:0_i:148_j:121,kp_inst:0_i:157_j:58,kp_inst:0_i:157_j:67,kp_inst:0_i:157_j:76,kp_inst:0_i:157_j:85,kp_inst:0_i:157_j:94,kp_inst:0_i:157_j:103,kp_inst:0_i:157_j:112,kp_inst:0_i:157_j:121,kp_inst:0_i:166_j:58,kp_inst:0_i:166_j:103,kp_inst:0_i:175_j:49,kp_inst:0_i:175_j:58
2020-08-19 09:10:37.428953 finished: plotting priors for kp_inst:0_i:31_j:121,kp_inst:0_i:40_j:112,kp_inst:0_i:40_j:121,kp_inst:0_i:49_j:103,kp_inst:0_i:49_j:112,kp_inst:0_i:49_j:121,kp_inst:0_i:58_j:76,kp_inst:0_i:58_j:85,kp_inst:0_i:58_j:94,kp_inst:0_i:58_j:103,kp_inst:0_i:58_j:112,kp_inst:0_i:58_j:121,kp_inst:0_i:67_j:76,kp_inst:0_i:67_j:85,kp_inst:0_i:67_j:94,kp_inst:0_i:67_j:103,kp_inst:0_i:67_j:112,kp_inst:0_i:67_j:121,kp_inst:0_i:76_j:76,kp_inst:0_i:76_j:85,kp_inst:0_i:76_j:94,kp_inst:0_i:76_j:103,kp_inst:0_i:76_j:112,kp_inst:0_i:76_j:121,kp_inst:0_i:85_j:67,kp_inst:0_i:85_j:76,kp_inst:0_i:85_j:85,kp_inst:0_i:85_j:94,kp_inst:0_i:85_j:103,kp_inst:0_i:85_j:112,kp_inst:0_i:85_j:121,kp_inst:0_i:94_j:40,kp_inst:0_i:94_j:49,kp_inst:0_i:94_j:58,kp_inst:0_i:94_j:67,kp_inst:0_i:94_j:76,kp_inst:0_i:94_j:85,kp_inst:0_i:94_j:94,kp_inst:0_i:94_j:103,kp_inst:0_i:94_j:112,kp_inst:0_i:94_j:121,kp_inst:0_i:103_j:22,kp_inst:0_i:103_j:31,kp_inst:0_i:103_j:40,kp_inst:0_i:103_j:49,kp_inst:0_i:103_j:58,kp_inst:0_i:103_j:67,kp_inst:0_i:103_j:76,kp_inst:0_i:103_j:85,kp_inst:0_i:103_j:94,kp_inst:0_i:103_j:103,kp_inst:0_i:103_j:112,kp_inst:0_i:103_j:121,kp_inst:0_i:112_j:13,kp_inst:0_i:112_j:22,kp_inst:0_i:112_j:31,kp_inst:0_i:112_j:40,kp_inst:0_i:112_j:49,kp_inst:0_i:112_j:58,kp_inst:0_i:112_j:67,kp_inst:0_i:112_j:76,kp_inst:0_i:112_j:85,kp_inst:0_i:112_j:94,kp_inst:0_i:112_j:103,kp_inst:0_i:112_j:112,kp_inst:0_i:112_j:121,kp_inst:0_i:121_j:49,kp_inst:0_i:121_j:58,kp_inst:0_i:121_j:67,kp_inst:0_i:121_j:76,kp_inst:0_i:121_j:85,kp_inst:0_i:121_j:94,kp_inst:0_i:121_j:103,kp_inst:0_i:121_j:112,kp_inst:0_i:121_j:121,kp_inst:0_i:130_j:49,kp_inst:0_i:130_j:58,kp_inst:0_i:130_j:67,kp_inst:0_i:130_j:76,kp_inst:0_i:130_j:85,kp_inst:0_i:130_j:94,kp_inst:0_i:130_j:103,kp_inst:0_i:130_j:112,kp_inst:0_i:130_j:121,kp_inst:0_i:139_j:49,kp_inst:0_i:139_j:58,kp_inst:0_i:139_j:67,kp_inst:0_i:139_j:76,kp_inst:0_i:139_j:85,kp_inst:0_i:139_j:94,kp_inst:0_i:139_j:103,kp_inst:0_i:139_j:112,kp_inst:0_i:139_j:121,kp_inst:0_i:148_j:58,kp_inst:0_i:148_j:67,kp_inst:0_i:148_j:76,kp_inst:0_i:148_j:85,kp_inst:0_i:148_j:94,kp_inst:0_i:148_j:103,kp_inst:0_i:148_j:112,kp_inst:0_i:148_j:121,kp_inst:0_i:157_j:58,kp_inst:0_i:157_j:67,kp_inst:0_i:157_j:76,kp_inst:0_i:157_j:85,kp_inst:0_i:157_j:94,kp_inst:0_i:157_j:103,kp_inst:0_i:157_j:112,kp_inst:0_i:157_j:121,kp_inst:0_i:166_j:58,kp_inst:0_i:166_j:103,kp_inst:0_i:175_j:49,kp_inst:0_i:175_j:58 took: 0:00:00.436760
2020-08-19 09:10:38.329949 finished: plot pst_prior took: 0:00:01.654174
2020-08-19 09:10:38.329949 starting: plot res_1to1
2020-08-19 09:10:38.332947 starting: plotting 1to1 for obs_pcmap
2020-08-19 09:10:38.336946 using control file obsvals to calculate residuals
2020-08-19 09:10:38.501953 finished: plotting 1to1 for obs_pcmap took: 0:00:00.169006
2020-08-19 09:10:38.501953 starting: plotting 1to1 for real_obs
2020-08-19 09:10:38.506953 using control file obsvals to calculate residuals
2020-08-19 09:10:38.528942 finished: plotting 1to1 for real_obs took: 0:00:00.026989
2020-08-19 09:10:38.921563 finished: plot res_1to1 took: 0:00:00.591614
2020-08-19 09:10:38.921563 starting: plot res_phi_pie
2020-08-19 09:10:39.036561 finished: plot res_phi_pie took: 0:00:00.114998
2020-08-19 09:10:39.083558 starting: plot phi_progress
2020-08-19 09:10:39.298553 finished: plot phi_progress took: 0:00:00.214995
