2021-08-05 18:22:53.739225 starting: opening PstFrom.log for logging
2021-08-05 18:22:53.739225 starting PstFrom process
2021-08-05 18:22:53.740225 starting: setting up dirs
2021-08-05 18:22:53.740225 starting: removing existing new_d 'template'
2021-08-05 18:22:53.768250 finished: removing existing new_d 'template' took: 0:00:00.028025
2021-08-05 18:22:53.768250 starting: copying original_d 'workspace' to new_d 'template'
2021-08-05 18:22:53.855330 finished: copying original_d 'workspace' to new_d 'template' took: 0:00:00.087080
2021-08-05 18:22:53.856332 finished: setting up dirs took: 0:00:00.116107
2021-08-05 18:22:53.880352 starting: adding observations from tabular output file
2021-08-05 18:22:53.880352 starting: reading list template\heads_q.csv
2021-08-05 18:22:53.884357 finished: reading list template\heads_q.csv took: 0:00:00.004005
2021-08-05 18:22:53.885357 starting: building insfile for tabular output file heads_q.csv
2021-08-05 18:22:53.895366 finished: building insfile for tabular output file heads_q.csv took: 0:00:00.010009
2021-08-05 18:22:53.896367 starting: adding observation from instruction file 'template\heads_q.csv.ins'
2021-08-05 18:22:53.908378 finished: adding observation from instruction file 'template\heads_q.csv.ins' took: 0:00:00.012011
2021-08-05 18:22:53.909379 finished: adding observations from tabular output file took: 0:00:00.029027
2021-08-05 18:22:53.918387 starting: adding observations from tabular output file
2021-08-05 18:22:53.918387 starting: reading list template\heads_pc.csv
2021-08-05 18:22:53.921391 finished: reading list template\heads_pc.csv took: 0:00:00.003004
2021-08-05 18:22:53.921391 starting: building insfile for tabular output file heads_pc.csv
2021-08-05 18:22:53.928396 finished: building insfile for tabular output file heads_pc.csv took: 0:00:00.007005
2021-08-05 18:22:53.929397 starting: adding observation from instruction file 'template\heads_pc.csv.ins'
2021-08-05 18:22:53.940407 finished: adding observation from instruction file 'template\heads_pc.csv.ins' took: 0:00:00.011010
2021-08-05 18:22:53.941408 finished: adding observations from tabular output file took: 0:00:00.023021
2021-08-05 18:22:53.952419 starting: adding observations from tabular output file
2021-08-05 18:22:53.952419 starting: reading list template\heads_map_q.csv
2021-08-05 18:22:53.960426 finished: reading list template\heads_map_q.csv took: 0:00:00.008007
2021-08-05 18:22:53.961427 starting: building insfile for tabular output file heads_map_q.csv
2021-08-05 18:22:53.968434 finished: building insfile for tabular output file heads_map_q.csv took: 0:00:00.007007
2021-08-05 18:22:53.969435 starting: adding observation from instruction file 'template\heads_map_q.csv.ins'
2021-08-05 18:22:53.986450 finished: adding observation from instruction file 'template\heads_map_q.csv.ins' took: 0:00:00.017015
2021-08-05 18:22:53.987451 finished: adding observations from tabular output file took: 0:00:00.035032
2021-08-05 18:22:54.007470 starting: adding observations from tabular output file
2021-08-05 18:22:54.007470 starting: reading list template\heads_map_p.csv
2021-08-05 18:22:54.017477 finished: reading list template\heads_map_p.csv took: 0:00:00.010007
2021-08-05 18:22:54.017477 starting: building insfile for tabular output file heads_map_p.csv
2021-08-05 18:22:54.026487 finished: building insfile for tabular output file heads_map_p.csv took: 0:00:00.009010
2021-08-05 18:22:54.026487 starting: adding observation from instruction file 'template\heads_map_p.csv.ins'
2021-08-05 18:22:54.043502 finished: adding observation from instruction file 'template\heads_map_p.csv.ins' took: 0:00:00.017015
2021-08-05 18:22:54.044503 finished: adding observations from tabular output file took: 0:00:00.037033
2021-08-05 18:22:54.513873 starting: adding pilotpoint type multiplier style parameters for file(s) ['kq.txt']
2021-08-05 18:22:54.513873 starting: loading array template\kq.txt
2021-08-05 18:22:54.547904 finished: loading array template\kq.txt took: 0:00:00.034031
2021-08-05 18:22:54.547904 loaded array 'kq.txt' of shape (182, 183)
2021-08-05 18:22:54.578933 starting: writing array-based template file 'kp_q_inst0_pilotpoint.csv.tpl'
2021-08-05 18:22:54.578933 starting: setting up pilot point parameters
2021-08-05 18:22:54.578933 No spatial reference (containing cell spacing) passed.
2021-08-05 18:22:54.579933 OK - using spatial reference in parent object.
2021-08-05 18:22:54.809142 118 pilot point parameters created
2021-08-05 18:22:54.809142 pilot point 'pargp':kp_q_inst:0
2021-08-05 18:22:54.810142 finished: setting up pilot point parameters took: 0:00:00.231209
2021-08-05 18:22:54.826157 starting: calculating factors for pargp=kp_q_inst:0
2021-08-05 18:22:54.826157 saving krige variance file:template\kp_q_inst0pp.var.dat
2021-08-05 18:22:54.826157 saving krige factors file:template\kp_q_inst0pp.fac
2021-08-05 18:23:18.622872 finished: calculating factors for pargp=kp_q_inst:0 took: 0:00:23.796715
2021-08-05 18:23:18.622872 starting: writing array-based template file 'kp_q_inst0pp.dat.tpl'
2021-08-05 18:23:18.631880 finished: adding pilotpoint type multiplier style parameters for file(s) ['kq.txt'] took: 0:00:24.118007
2021-08-05 18:23:18.649897 starting: adding pilotpoint type multiplier style parameters for file(s) ['kpc.txt']
2021-08-05 18:23:18.650897 starting: loading array template\kpc.txt
2021-08-05 18:23:18.684928 finished: loading array template\kpc.txt took: 0:00:00.034031
2021-08-05 18:23:18.684928 loaded array 'kpc.txt' of shape (182, 183)
2021-08-05 18:23:18.717958 starting: writing array-based template file 'kp_pc_inst0_pilotpoint.csv.tpl'
2021-08-05 18:23:18.717958 starting: setting up pilot point parameters
2021-08-05 18:23:18.718959 No spatial reference (containing cell spacing) passed.
2021-08-05 18:23:18.718959 OK - using spatial reference in parent object.
2021-08-05 18:23:19.009223 162 pilot point parameters created
2021-08-05 18:23:19.010225 pilot point 'pargp':kp_pc_inst:0
2021-08-05 18:23:19.010225 finished: setting up pilot point parameters took: 0:00:00.292267
2021-08-05 18:23:19.031243 starting: calculating factors for pargp=kp_pc_inst:0
2021-08-05 18:23:19.032244 saving krige variance file:template\kp_pc_inst0pp.var.dat
2021-08-05 18:23:19.032244 saving krige factors file:template\kp_pc_inst0pp.fac
2021-08-05 18:23:43.451101 finished: calculating factors for pargp=kp_pc_inst:0 took: 0:00:24.419858
2021-08-05 18:23:43.451101 starting: writing array-based template file 'kp_pc_inst0pp.dat.tpl'
2021-08-05 18:23:43.458107 finished: adding pilotpoint type multiplier style parameters for file(s) ['kpc.txt'] took: 0:00:24.808210
2021-08-05 18:23:43.516680 starting: adding zone type multiplier style parameters for file(s) ['irr.txt']
2021-08-05 18:23:43.516680 starting: loading array template\irr.txt
2021-08-05 18:23:43.542704 finished: loading array template\irr.txt took: 0:00:00.026024
2021-08-05 18:23:43.542704 loaded array 'irr.txt' of shape (182, 183)
2021-08-05 18:23:43.566725 starting: writing array-based template file 'irr_inst0_zone.csv.tpl'
2021-08-05 18:23:43.566725 starting: writing template file irr_inst0_zone.csv.tpl for ['irr_inst:0']
2021-08-05 18:23:43.630783 finished: writing template file irr_inst0_zone.csv.tpl for ['irr_inst:0'] took: 0:00:00.064058
2021-08-05 18:23:43.631785 finished: writing array-based template file 'irr_inst0_zone.csv.tpl' took: 0:00:00.065060
2021-08-05 18:23:43.641793 finished: adding zone type multiplier style parameters for file(s) ['irr.txt'] took: 0:00:00.125113
2021-08-05 18:23:43.727873 starting: adding constant type multiplier style parameters for file(s) ['kep.txt']
2021-08-05 18:23:43.727873 starting: loading array template\kep.txt
2021-08-05 18:23:43.760902 finished: loading array template\kep.txt took: 0:00:00.033029
2021-08-05 18:23:43.760902 loaded array 'kep.txt' of shape (182, 183)
2021-08-05 18:23:43.793932 starting: writing array-based template file 'ep_inst0_constant.csv.tpl'
2021-08-05 18:23:43.793932 starting: writing template file ep_inst0_constant.csv.tpl for ['ep_inst:0']
2021-08-05 18:23:43.925051 finished: writing template file ep_inst0_constant.csv.tpl for ['ep_inst:0'] took: 0:00:00.131119
2021-08-05 18:23:43.926054 finished: writing array-based template file 'ep_inst0_constant.csv.tpl' took: 0:00:00.132122
2021-08-05 18:23:43.960083 finished: adding constant type multiplier style parameters for file(s) ['kep.txt'] took: 0:00:00.232210
2021-08-05 18:23:43.960083 starting: adding constant type multiplier style parameters for file(s) ['kpms.txt']
2021-08-05 18:23:43.961084 starting: loading array template\kpms.txt
2021-08-05 18:23:43.994114 finished: loading array template\kpms.txt took: 0:00:00.033030
2021-08-05 18:23:43.994114 loaded array 'kpms.txt' of shape (182, 183)
2021-08-05 18:23:44.027144 starting: writing array-based template file 'pms_inst0_constant.csv.tpl'
2021-08-05 18:23:44.027144 starting: writing template file pms_inst0_constant.csv.tpl for ['pms_inst:0']
2021-08-05 18:23:44.163268 finished: writing template file pms_inst0_constant.csv.tpl for ['pms_inst:0'] took: 0:00:00.136124
2021-08-05 18:23:44.163268 finished: writing array-based template file 'pms_inst0_constant.csv.tpl' took: 0:00:00.136124
2021-08-05 18:23:44.198300 finished: adding constant type multiplier style parameters for file(s) ['kpms.txt'] took: 0:00:00.238217
2021-08-05 18:23:44.198300 starting: adding constant type multiplier style parameters for file(s) ['kqm.txt']
2021-08-05 18:23:44.198300 starting: loading array template\kqm.txt
2021-08-05 18:23:44.271366 finished: loading array template\kqm.txt took: 0:00:00.073066
2021-08-05 18:23:44.271366 loaded array 'kqm.txt' of shape (182, 183)
2021-08-05 18:23:44.307399 starting: writing array-based template file 'qm_inst0_constant.csv.tpl'
2021-08-05 18:23:44.308401 starting: writing template file qm_inst0_constant.csv.tpl for ['qm_inst:0']
2021-08-05 18:23:44.441521 finished: writing template file qm_inst0_constant.csv.tpl for ['qm_inst:0'] took: 0:00:00.133120
2021-08-05 18:23:44.441521 finished: writing array-based template file 'qm_inst0_constant.csv.tpl' took: 0:00:00.134122
2021-08-05 18:23:44.475552 finished: adding constant type multiplier style parameters for file(s) ['kqm.txt'] took: 0:00:00.277252
2021-08-05 18:23:45.025315 forward_run line:pyemu.os_utils.run(r'..\..\..\exe\mf6')

2021-08-05 18:23:45.051342 starting: building prior covariance matrix
2021-08-05 18:23:45.110277 saving prior covariance matrix to file template\3D_test.prior.cov
2021-08-05 18:23:45.165327 finished: building prior covariance matrix took: 0:00:00.113985
