2021-08-12 11:42:41.164961 starting: opening PstFrom.log for logging
2021-08-12 11:42:41.164961 starting PstFrom process
2021-08-12 11:42:41.165962 starting: setting up dirs
2021-08-12 11:42:41.165962 starting: removing existing new_d 'template'
2021-08-12 11:42:41.193988 finished: removing existing new_d 'template' took: 0:00:00.028026
2021-08-12 11:42:41.193988 starting: copying original_d 'workspace' to new_d 'template'
2021-08-12 11:42:41.263051 finished: copying original_d 'workspace' to new_d 'template' took: 0:00:00.069063
2021-08-12 11:42:41.264051 finished: setting up dirs took: 0:00:00.098089
2021-08-12 11:42:41.283068 starting: adding observations from tabular output file
2021-08-12 11:42:41.284070 starting: reading list template\heads_q.csv
2021-08-12 11:42:41.288073 finished: reading list template\heads_q.csv took: 0:00:00.004003
2021-08-12 11:42:41.288073 starting: building insfile for tabular output file heads_q.csv
2021-08-12 11:42:41.297082 finished: building insfile for tabular output file heads_q.csv took: 0:00:00.009009
2021-08-12 11:42:41.297082 starting: adding observation from instruction file 'template\heads_q.csv.ins'
2021-08-12 11:42:41.308092 finished: adding observation from instruction file 'template\heads_q.csv.ins' took: 0:00:00.011010
2021-08-12 11:42:41.309092 finished: adding observations from tabular output file took: 0:00:00.026024
2021-08-12 11:42:41.313096 starting: adding observations from tabular output file
2021-08-12 11:42:41.313096 starting: reading list template\heads_pc.csv
2021-08-12 11:42:41.316099 finished: reading list template\heads_pc.csv took: 0:00:00.003003
2021-08-12 11:42:41.316099 starting: building insfile for tabular output file heads_pc.csv
2021-08-12 11:42:41.323105 finished: building insfile for tabular output file heads_pc.csv took: 0:00:00.007006
2021-08-12 11:42:41.323105 starting: adding observation from instruction file 'template\heads_pc.csv.ins'
2021-08-12 11:42:41.332113 finished: adding observation from instruction file 'template\heads_pc.csv.ins' took: 0:00:00.009008
2021-08-12 11:42:41.333114 finished: adding observations from tabular output file took: 0:00:00.020018
2021-08-12 11:42:41.342123 starting: adding observations from tabular output file
2021-08-12 11:42:41.342123 starting: reading list template\heads_map_q.csv
2021-08-12 11:42:41.352131 finished: reading list template\heads_map_q.csv took: 0:00:00.010008
2021-08-12 11:42:41.352131 starting: building insfile for tabular output file heads_map_q.csv
2021-08-12 11:42:41.360139 finished: building insfile for tabular output file heads_map_q.csv took: 0:00:00.008008
2021-08-12 11:42:41.360139 starting: adding observation from instruction file 'template\heads_map_q.csv.ins'
2021-08-12 11:42:41.379156 finished: adding observation from instruction file 'template\heads_map_q.csv.ins' took: 0:00:00.019017
2021-08-12 11:42:41.381158 finished: adding observations from tabular output file took: 0:00:00.039035
2021-08-12 11:42:41.397173 starting: adding observations from tabular output file
2021-08-12 11:42:41.397173 starting: reading list template\heads_map_p.csv
2021-08-12 11:42:41.406180 finished: reading list template\heads_map_p.csv took: 0:00:00.009007
2021-08-12 11:42:41.407181 starting: building insfile for tabular output file heads_map_p.csv
2021-08-12 11:42:41.415189 finished: building insfile for tabular output file heads_map_p.csv took: 0:00:00.008008
2021-08-12 11:42:41.415189 starting: adding observation from instruction file 'template\heads_map_p.csv.ins'
2021-08-12 11:42:41.431203 finished: adding observation from instruction file 'template\heads_map_p.csv.ins' took: 0:00:00.016014
2021-08-12 11:42:41.433206 finished: adding observations from tabular output file took: 0:00:00.036033
2021-08-12 11:42:41.879612 starting: adding pilotpoint type multiplier style parameters for file(s) ['kq.txt']
2021-08-12 11:42:41.879612 starting: loading array template\kq.txt
2021-08-12 11:42:41.912642 finished: loading array template\kq.txt took: 0:00:00.033030
2021-08-12 11:42:41.913642 loaded array 'kq.txt' of shape (182, 183)
2021-08-12 11:42:41.945672 starting: writing array-based template file 'kp_q_inst0_pilotpoint.csv.tpl'
2021-08-12 11:42:41.945672 starting: setting up pilot point parameters
2021-08-12 11:42:41.945672 No spatial reference (containing cell spacing) passed.
2021-08-12 11:42:41.945672 OK - using spatial reference in parent object.
2021-08-12 11:42:42.176884 118 pilot point parameters created
2021-08-12 11:42:42.177885 pilot point 'pargp':kp_q_inst:0
2021-08-12 11:42:42.177885 finished: setting up pilot point parameters took: 0:00:00.232213
2021-08-12 11:42:42.193899 starting: calculating factors for pargp=kp_q_inst:0
2021-08-12 11:42:42.193899 saving krige variance file:template\kp_q_inst0pp.var.dat
2021-08-12 11:42:42.194901 saving krige factors file:template\kp_q_inst0pp.fac
2021-08-12 11:43:05.343956 finished: calculating factors for pargp=kp_q_inst:0 took: 0:00:23.150057
2021-08-12 11:43:05.343956 starting: writing array-based template file 'kp_q_inst0pp.dat.tpl'
2021-08-12 11:43:05.352965 finished: adding pilotpoint type multiplier style parameters for file(s) ['kq.txt'] took: 0:00:23.473353
2021-08-12 11:43:05.381982 starting: adding pilotpoint type multiplier style parameters for file(s) ['kpc.txt']
2021-08-12 11:43:05.381982 starting: loading array template\kpc.txt
2021-08-12 11:43:05.417014 finished: loading array template\kpc.txt took: 0:00:00.035032
2021-08-12 11:43:05.417014 loaded array 'kpc.txt' of shape (182, 183)
2021-08-12 11:43:05.450045 starting: writing array-based template file 'kp_pc_inst0_pilotpoint.csv.tpl'
2021-08-12 11:43:05.451046 starting: setting up pilot point parameters
2021-08-12 11:43:05.451046 No spatial reference (containing cell spacing) passed.
2021-08-12 11:43:05.451046 OK - using spatial reference in parent object.
2021-08-12 11:43:05.758324 162 pilot point parameters created
2021-08-12 11:43:05.758324 pilot point 'pargp':kp_pc_inst:0
2021-08-12 11:43:05.758324 finished: setting up pilot point parameters took: 0:00:00.307278
2021-08-12 11:43:05.780344 starting: calculating factors for pargp=kp_pc_inst:0
2021-08-12 11:43:05.781346 saving krige variance file:template\kp_pc_inst0pp.var.dat
2021-08-12 11:43:05.781346 saving krige factors file:template\kp_pc_inst0pp.fac
2021-08-12 11:43:30.587910 finished: calculating factors for pargp=kp_pc_inst:0 took: 0:00:24.807566
2021-08-12 11:43:30.587910 starting: writing array-based template file 'kp_pc_inst0pp.dat.tpl'
2021-08-12 11:43:30.595916 finished: adding pilotpoint type multiplier style parameters for file(s) ['kpc.txt'] took: 0:00:25.213934
2021-08-12 11:43:30.649967 starting: adding zone type multiplier style parameters for file(s) ['irr.txt']
2021-08-12 11:43:30.649967 starting: loading array template\irr.txt
2021-08-12 11:43:30.675989 finished: loading array template\irr.txt took: 0:00:00.026022
2021-08-12 11:43:30.676991 loaded array 'irr.txt' of shape (182, 183)
2021-08-12 11:43:30.701012 starting: writing array-based template file 'irr_inst0_zone.csv.tpl'
2021-08-12 11:43:30.701012 starting: writing template file irr_inst0_zone.csv.tpl for ['irr_inst:0']
2021-08-12 11:43:30.766071 finished: writing template file irr_inst0_zone.csv.tpl for ['irr_inst:0'] took: 0:00:00.065059
2021-08-12 11:43:30.766071 finished: writing array-based template file 'irr_inst0_zone.csv.tpl' took: 0:00:00.065059
2021-08-12 11:43:30.776080 finished: adding zone type multiplier style parameters for file(s) ['irr.txt'] took: 0:00:00.126113
2021-08-12 11:43:30.876179 starting: adding constant type multiplier style parameters for file(s) ['kep.txt']
2021-08-12 11:43:30.876179 starting: loading array template\kep.txt
2021-08-12 11:43:30.910210 finished: loading array template\kep.txt took: 0:00:00.034031
2021-08-12 11:43:30.910210 loaded array 'kep.txt' of shape (182, 183)
2021-08-12 11:43:30.944241 starting: writing array-based template file 'ep_inst0_constant.csv.tpl'
2021-08-12 11:43:30.944241 starting: writing template file ep_inst0_constant.csv.tpl for ['ep_inst:0']
2021-08-12 11:43:31.079364 finished: writing template file ep_inst0_constant.csv.tpl for ['ep_inst:0'] took: 0:00:00.135123
2021-08-12 11:43:31.080365 finished: writing array-based template file 'ep_inst0_constant.csv.tpl' took: 0:00:00.136124
2021-08-12 11:43:31.113395 finished: adding constant type multiplier style parameters for file(s) ['kep.txt'] took: 0:00:00.237216
2021-08-12 11:43:31.114397 starting: adding constant type multiplier style parameters for file(s) ['kpms.txt']
2021-08-12 11:43:31.114397 starting: loading array template\kpms.txt
2021-08-12 11:43:31.148427 finished: loading array template\kpms.txt took: 0:00:00.034030
2021-08-12 11:43:31.148427 loaded array 'kpms.txt' of shape (182, 183)
2021-08-12 11:43:31.181457 starting: writing array-based template file 'pms_inst0_constant.csv.tpl'
2021-08-12 11:43:31.181457 starting: writing template file pms_inst0_constant.csv.tpl for ['pms_inst:0']
2021-08-12 11:43:31.318581 finished: writing template file pms_inst0_constant.csv.tpl for ['pms_inst:0'] took: 0:00:00.137124
2021-08-12 11:43:31.318581 finished: writing array-based template file 'pms_inst0_constant.csv.tpl' took: 0:00:00.137124
2021-08-12 11:43:31.350611 finished: adding constant type multiplier style parameters for file(s) ['kpms.txt'] took: 0:00:00.236214
2021-08-12 11:43:31.350611 starting: adding constant type multiplier style parameters for file(s) ['kqm.txt']
2021-08-12 11:43:31.351612 starting: loading array template\kqm.txt
2021-08-12 11:43:31.423677 finished: loading array template\kqm.txt took: 0:00:00.072065
2021-08-12 11:43:31.423677 loaded array 'kqm.txt' of shape (182, 183)
2021-08-12 11:43:31.456707 starting: writing array-based template file 'qm_inst0_constant.csv.tpl'
2021-08-12 11:43:31.456707 starting: writing template file qm_inst0_constant.csv.tpl for ['qm_inst:0']
2021-08-12 11:43:31.590830 finished: writing template file qm_inst0_constant.csv.tpl for ['qm_inst:0'] took: 0:00:00.134123
2021-08-12 11:43:31.591898 finished: writing array-based template file 'qm_inst0_constant.csv.tpl' took: 0:00:00.135191
2021-08-12 11:43:31.622859 finished: adding constant type multiplier style parameters for file(s) ['kqm.txt'] took: 0:00:00.272248
2021-08-12 11:43:32.146578 forward_run line:pyemu.os_utils.run(r'..\..\..\exe\mf6')

2021-08-12 11:43:32.170601 starting: building prior covariance matrix
2021-08-12 11:43:32.228639 saving prior covariance matrix to file template\3D_test.prior.cov
2021-08-12 11:43:32.283689 finished: building prior covariance matrix took: 0:00:00.113088
