                                   MODFLOW 6
                U.S. GEOLOGICAL SURVEY MODULAR HYDROLOGIC MODEL
                            VERSION 6.0.4 03/13/2019

   MODFLOW 6 compiled Mar 21 2019 15:37:31 with IFORT compiler (ver. 19.0.0)

This software has been approved for release by the U.S. Geological 
Survey (USGS). Although the software has been subjected to rigorous 
review, the USGS reserves the right to update the software as needed 
pursuant to further analysis and review. No warranty, expressed or 
implied, is made by the USGS or the U.S. Government as to the 
functionality of the software and related material nor shall the 
fact of release constitute any such warranty. Furthermore, the 
software is released on condition that neither the USGS nor the U.S. 
Government shall be held liable for any damages resulting from its 
authorized or unauthorized use. Also refer to the USGS Water 
Resources Software User Rights Notice for complete use, copyright, 
and distribution information.


System command used to initiate simulation:
../../exe/mf6

MODFLOW was compiled using uniform precision.
Real Variables
  PRECISION: 15
  KIND: 8
  TINY (smallest non-zero value):    2.225074-308
  HUGE (largest value):    1.797693+308
Integer Variables
  KIND: 4
  HUGE (largest value): 2147483647
  BIT_SIZE: 32
 

 OPENED mfsim.nam
 FILE TYPE:NAM   UNIT 1001   STATUS:OLD                 
 FORMAT:FORMATTED              ACCESS:SEQUENTIAL          
 ACTION:READ                


 READING SIMULATION OPTIONS
 END OF SIMULATION OPTIONS

 READING SIMULATION TIMING

 OPENED theis_mf6.tdis
 FILE TYPE:TDIS   UNIT 1002   STATUS:OLD                 
 FORMAT:FORMATTED              ACCESS:SEQUENTIAL          
 ACTION:READ                


 TDIS -- TEMPORAL DISCRETIZATION PACKAGE,
 VERSION 1 : 11/13/2014 - INPUT READ FROM UNIT 1002
 PROCESSING TDIS OPTIONS
    SIMULATION TIME UNIT IS SECONDS
 END OF TDIS OPTIONS
 PROCESSING TDIS DIMENSIONS
    1 STRESS PERIOD(S) IN SIMULATION
 END OF TDIS DIMENSIONS
 PROCESSING TDIS PERIODDATA


 STRESS PERIOD     LENGTH       TIME STEPS     MULTIPLIER FOR DELT
 ----------------------------------------------------------------------------
        1         1.000000          1                    1.000
 END OF TDIS PERIODDATA
 END OF SIMULATION TIMING

 READING SIMULATION MODELS
    GWF6 model TEST_PERMA will be created as model 1
 END OF SIMULATION MODELS

 READING SIMULATION EXCHANGES
 END OF SIMULATION EXCHANGES

 READING SOLUTIONGROUP

 Creating solution: SLN_1           

 OPENED theis_mf6.ims
 FILE TYPE:IMS   UNIT 1015   STATUS:OLD                 
 FORMAT:FORMATTED              ACCESS:SEQUENTIAL          
 ACTION:READ                

 END OF SIMULATION SOLUTIONGROUP

 IMS -- ITERATIVE MODEL SOLUTION PACKAGE, VERSION 6, 4/28/2017
         INPUT READ FROM UNIT 1015

 PROCESSING IMS OPTIONS
 MODERATE OPTION:
 DEFAULT SOLVER INPUT VALUES REFLECT MODERETELY NONLINEAR MODEL
 END OF IMS OPTIONS
 **UNDER-RELAXATION WILL BE USED***
 
 ***IMS LINEAR SOLVER WILL BE USED***

 IMSLINEAR -- UNSTRUCTURED LINEAR SOLUTION PACKAGE, VERSION 8, 04/28/2017
 
 OUTER ITERATION CONVERGENCE CRITERION     (HCLOSE) =    0.100000E-01
 OUTER ITERATION BOUNDARY FLOW RESIDUAL (RCLOSEBND) =    0.100000E+00
 MAXIMUM NUMBER OF OUTER ITERATIONS        (MXITER) =        50
 SOLVER PRINTOUT INDEX                     (IPRIMS) =         1
 NONLINEAR ITERATION METHOD            (NONLINMETH) =         3
 LINEAR SOLUTION METHOD                   (LINMETH) =         1
 UNDER-RELAXATION WEIGHT REDUCTION FACTOR   (THETA) =    0.900000E+00
 UNDER-RELAXATION WEIGHT INCREASE INCREMENT (KAPPA) =    0.100000E-03
 UNDER-RELAXATION PREVIOUS HISTORY FACTOR   (GAMMA) =    0.000000E+00
 UNDER-RELAXATIONMOMENTUM TERM          (AMOMENTUM) =    0.000000E+00
    MAXIMUM NUMBER OF BACKTRACKS         (NUMTRACK) =         0

       SOLUTION BY THE BICONJUGATE-GRADIENT STABILIZED METHOD
 ------------------------------------------------------------------
 MAXIMUM OF     50 CALLS OF SOLUTION ROUTINE
 MAXIMUM OF    100 INTERNAL ITERATIONS PER CALL TO SOLUTION ROUTINE
 LINEAR ACCELERATION METHOD            = BCGS      
 MATRIX PRECONDITIONING TYPE           = MOD. INCOMPLETE LU  
 MATRIX SCALING APPROACH               = NO SCALING          
 MATRIX REORDERING APPROACH            = ORIGINAL ORDERING        
 NUMBER OF ORTHOGONALIZATIONS          =        0
 HEAD CHANGE CRITERION FOR CLOSURE     =    0.10000E-01
 RESIDUAL CHANGE CRITERION FOR CLOSURE =    0.10000E+00
 RESIDUAL CONVERGENCE OPTION           =        0
 RESIDUAL CONVERGENCE NORM             = INFINITY NORM   
 RELAXATION FACTOR                     =    0.97000E+00



1
                            STRESS PERIOD NO.    1, LENGTH =   1.000000    
                            -----------------------------------------------

                              NUMBER OF TIME STEPS =     1

                               MULTIPLIER FOR DELT =     1.000

                            INITIAL TIME STEP SIZE =   1.000000    


 OUTER ITERATION SUMMARY
 ---------------------------------------------------------------------------------------
                       OUTER     INNER         MAXIMUM                    MAXIMUM CHANGE
                   ITERATION ITERATION          CHANGE                    MODEL-(CELLID)
 ---------------------------------------------------------------------------------------
 Linear Solver             1        23     1117.36                        1_GWF-(1,24,1)
 Under-relaxation          1               1117.36                        1_GWF-(1,24,1)
 Linear Solver             2        15    -1110.27                        1_GWF-(1,24,1)
 Under-relaxation          2              -999.247                        1_GWF-(1,24,1)
 Linear Solver             3        12    -110.757                        1_GWF-(1,24,1)
 Under-relaxation          3              -99.6920                        1_GWF-(1,24,1)
 Linear Solver             4        13     31.3958                       1_GWF-(1,22,10)
 Under-relaxation          4               25.4338                       1_GWF-(1,22,10)
 Linear Solver             5        11     64.1290                       1_GWF-(1,21,14)
 Under-relaxation          5               51.9560                       1_GWF-(1,21,14)
 Linear Solver             6        10    -46.9681                       1_GWF-(1,21,14)
 Under-relaxation          6              -34.2474                       1_GWF-(1,21,14)
 Linear Solver             7         8    -13.4829                       1_GWF-(1,21,14)
 Under-relaxation          7              -9.83257                       1_GWF-(1,21,14)
 Linear Solver             8         7    -3.28497                       1_GWF-(1,21,14)
 Under-relaxation          8              -2.39593                       1_GWF-(1,21,14)
 Linear Solver             9         7    -4.58840                       1_GWF-(1,21,14)
 Under-relaxation          9              -3.34706                       1_GWF-(1,21,14)
 Linear Solver            10         6     1.99240                       1_GWF-(1,21,13)
 Under-relaxation         10               1.16319                       1_GWF-(1,22,14)
 Linear Solver            11         5    -1.15984                       1_GWF-(1,21,13)
 Under-relaxation         11             -0.554947                       1_GWF-(1,21,13)
 Linear Solver            12         5    0.335523                       1_GWF-(1,22,14)
 Under-relaxation         12              0.178424                       1_GWF-(1,22,14)
 Linear Solver            13         3   -7.478199E-02                   1_GWF-(1,21,13)
 Under-relaxation         13             -2.898249E-02                   1_GWF-(1,21,13)
 Linear Solver            14         2   -3.187688E-02                    1_GWF-(1,20,6)
 Under-relaxation         14             -1.526159E-02                    1_GWF-(1,20,6)
 Linear Solver            15         2   -1.397824E-02                    1_GWF-(1,20,8)
 Under-relaxation         15             -8.263517E-03                    1_GWF-(1,20,8)
 Linear Solver            16         2    8.616517E-03                    1_GWF-(1,22,8)

 16 CALLS TO NUMERICAL SOLUTION IN TIME STEP 1 STRESS PERIOD 1
 131 TOTAL ITERATIONS

 INFORMATION ON VARIABLES STORED IN THE MEMORY MANAGER
 
 Number of allocated integer variables:   180939
 Number of allocated real variables:    180564
 Allocated memory in megabytes:     2.16827    
 

 Run end date and time (yyyy/mm/dd hh:mm:ss): 2020/05/23  9:58:56
 Elapsed run time:  0.231 Seconds

 Normal termination of simulation.
